<?xml version="1.0" encoding="UTF-8"?>
<!-- Generated by org.testng.reporters.JUnitReportReporter -->
<testsuite hostname="DESKTOP-AT1H70D" failures="0" tests="1" name="LoginTest.UserLoginTest" time="1.990" errors="0" timestamp="2021-11-30T16:21:35 IST" skipped="0">
  <testcase classname="LoginTest.UserLoginTest" name="userLogin" time="1.990"/>
  <system-out/>
</testsuite> <!-- LoginTest.UserLoginTest -->
