<?xml version="1.0" encoding="UTF-8"?>
<!-- Generated by org.testng.reporters.JUnitReportReporter -->
<testsuite hostname="DESKTOP-AT1H70D" failures="0" tests="2" name="LoginTest.SelectMobileTest" time="18.538" errors="0" timestamp="2021-11-06T11:54:01 IST" skipped="0">
  <testcase classname="LoginTest.SelectMobileTest" name="userLogin" time="0.297"/>
  <system-out/>
  <testcase classname="LoginTest.SelectMobileTest" name="mobileSelection" time="18.241"/>
  <system-out/>
</testsuite> <!-- LoginTest.SelectMobileTest -->
